<?xml version="1.0" encoding="UTF-8"?>
<testsuite name="gui.AppTest" tests="1" skipped="0" failures="0" errors="0" timestamp="2025-04-12T10:06:29" hostname="Nano" time="0.0">
  <properties/>
  <testcase name="testAppInitialization()" classname="gui.AppTest" time="0.0"/>
  <system-out><![CDATA[]]></system-out>
  <system-err><![CDATA[]]></system-err>
</testsuite>
