<?xml version="1.0" encoding="UTF-8"?>
<testsuite name="interfaces.PersistentGameTaskTest" tests="1" skipped="0" failures="0" errors="0" timestamp="2023-12-04T22:14:48" hostname="Ajinou-Abderrahman" time="0.017">
  <properties/>
  <testcase name="testPersistentTaskExecution()" classname="interfaces.PersistentGameTaskTest" time="0.017"/>
  <system-out><![CDATA[]]></system-out>
  <system-err><![CDATA[]]></system-err>
</testsuite>
