<?xml version="1.0" encoding="UTF-8"?>
<testsuite name="geometry.IntCoordinatesTest" tests="2" skipped="0" failures="0" errors="0" timestamp="2025-04-12T13:02:27.608Z" hostname="Nano" time="0.001">
  <properties/>
  <testcase name="testSetCoordinates()" classname="geometry.IntCoordinatesTest" time="0.001"/>
  <testcase name="testCoordinateInitialization()" classname="geometry.IntCoordinatesTest" time="0.0"/>
  <system-out><![CDATA[]]></system-out>
  <system-err><![CDATA[]]></system-err>
</testsuite>
