<?xml version="1.0" encoding="UTF-8"?>
<testsuite name="enums.DirectionTest" tests="1" skipped="0" failures="0" errors="0" timestamp="2025-04-12T13:02:27.605Z" hostname="Nano" time="0.0">
  <properties/>
  <testcase name="testExistenceOfEnumValues()" classname="enums.DirectionTest" time="0.0"/>
  <system-out><![CDATA[]]></system-out>
  <system-err><![CDATA[]]></system-err>
</testsuite>
