<?xml version="1.0" encoding="UTF-8"?>
<testsuite name="gui.GraphicsUpdaterTest" tests="1" skipped="0" failures="0" errors="0" timestamp="2023-12-04T22:14:48" hostname="Ajinou-Abderrahman" time="0.029">
  <properties/>
  <testcase name="testGraphicsUpdaterImplementation()" classname="gui.GraphicsUpdaterTest" time="0.029"/>
  <system-out><![CDATA[]]></system-out>
  <system-err><![CDATA[]]></system-err>
</testsuite>
