<?xml version="1.0" encoding="UTF-8"?>
<testsuite name="gui.CritterGraphicsFactoryTest" tests="2" skipped="0" failures="0" errors="0" timestamp="2023-12-04T15:34:58" hostname="Ajinou-Abderrahman" time="0.56">
  <properties/>
  <testcase name="testMakeGraphicsForGhost()" classname="gui.CritterGraphicsFactoryTest" time="0.269"/>
  <testcase name="testMakeGraphicsForPacMan()" classname="gui.CritterGraphicsFactoryTest" time="0.29"/>
  <system-out><![CDATA[]]></system-out>
  <system-err><![CDATA[]]></system-err>
</testsuite>
