<?xml version="1.0" encoding="UTF-8"?>
<testsuite name="gameobjects.EntityObjectsTest" tests="2" skipped="0" failures="0" errors="0" timestamp="2023-12-04T15:34:58" hostname="Ajinou-Abderrahman" time="0.003">
  <properties/>
  <testcase name="testGhosts()" classname="gameobjects.EntityObjectsTest" time="0.002"/>
  <testcase name="testGetLeaveDelay()" classname="gameobjects.EntityObjectsTest" time="0.001"/>
  <system-out><![CDATA[]]></system-out>
  <system-err><![CDATA[]]></system-err>
</testsuite>
