<?xml version="1.0" encoding="UTF-8"?>
<testsuite name="geometry.RealCoordinatesTest" tests="3" skipped="0" failures="0" errors="0" timestamp="2023-12-04T15:34:58" hostname="Ajinou-Abderrahman" time="0.025">
  <properties/>
  <testcase name="testIntNeighbours()" classname="geometry.RealCoordinatesTest" time="0.021"/>
  <testcase name="testRound()" classname="geometry.RealCoordinatesTest" time="0.001"/>
  <testcase name="testOperations()" classname="geometry.RealCoordinatesTest" time="0.001"/>
  <system-out><![CDATA[]]></system-out>
  <system-err><![CDATA[]]></system-err>
</testsuite>
