<?xml version="1.0" encoding="UTF-8"?>
<testsuite name="interfaces.TransientGameTaskTest" tests="1" skipped="0" failures="0" errors="0" timestamp="2023-12-04T22:14:48" hostname="Ajinou-Abderrahman" time="0.02">
  <properties/>
  <testcase name="testTransientTaskExecution()" classname="interfaces.TransientGameTaskTest" time="0.02"/>
  <system-out><![CDATA[]]></system-out>
  <system-err><![CDATA[]]></system-err>
</testsuite>
