<?xml version="1.0" encoding="UTF-8"?>
<testsuite name="config.MazeConfigTest" tests="2" skipped="0" failures="0" errors="0" timestamp="2025-04-12T13:02:27.582Z" hostname="Nano" time="0.019">
  <properties/>
  <testcase name="testMazeDimensions()" classname="config.MazeConfigTest" time="0.014"/>
  <testcase name="testGridInitialization()" classname="config.MazeConfigTest" time="0.004"/>
  <system-out><![CDATA[]]></system-out>
  <system-err><![CDATA[]]></system-err>
</testsuite>
