<?xml version="1.0" encoding="UTF-8"?>
<testsuite name="enums.FxmlFilesTest" tests="2" skipped="0" failures="0" errors="0" timestamp="2025-04-13T11:49:46" hostname="Nano" time="0.005">
  <properties/>
  <testcase name="testExistenceOfEnumValues()" classname="enums.FxmlFilesTest" time="0.004"/>
  <testcase name="testFxmlFilePaths()" classname="enums.FxmlFilesTest" time="0.0"/>
  <system-out><![CDATA[]]></system-out>
  <system-err><![CDATA[]]></system-err>
</testsuite>
