<?xml version="1.0" encoding="UTF-8"?>
<testsuite name="audio.SimultaneousClipTest" tests="1" skipped="0" failures="0" errors="0" timestamp="2023-12-04T15:34:58" hostname="Ajinou-Abderrahman" time="0.007">
  <properties/>
  <testcase name="testSimultaneousClipProperties()" classname="audio.SimultaneousClipTest" time="0.007"/>
  <system-out><![CDATA[]]></system-out>
  <system-err><![CDATA[]]></system-err>
</testsuite>
