<?xml version="1.0" encoding="UTF-8"?>
<testsuite name="config.MazeConfigTest" tests="2" skipped="0" failures="0" errors="0" timestamp="2025-04-12T10:06:29" hostname="Nano" time="0.037">
  <properties/>
  <testcase name="testMazeDimensions()" classname="config.MazeConfigTest" time="0.026"/>
  <testcase name="testGridInitialization()" classname="config.MazeConfigTest" time="0.009"/>
  <system-out><![CDATA[]]></system-out>
  <system-err><![CDATA[]]></system-err>
</testsuite>
