<?xml version="1.0" encoding="UTF-8"?>
<testsuite name="config.CellTest" tests="2" skipped="0" failures="0" errors="0" timestamp="2023-12-04T22:14:42" hostname="Ajinou-Abderrahman" time="0.006">
  <properties/>
  <testcase name="testCellBuilder()" classname="config.CellTest" time="0.003"/>
  <testcase name="testFactoryMethods()" classname="config.CellTest" time="0.001"/>
  <system-out><![CDATA[]]></system-out>
  <system-err><![CDATA[]]></system-err>
</testsuite>
