<?xml version="1.0" encoding="UTF-8"?>
<testsuite name="gui.AppTest" tests="1" skipped="0" failures="0" errors="0" timestamp="2025-04-13T11:49:46" hostname="Nano" time="0.001">
  <properties/>
  <testcase name="testAppInitialization()" classname="gui.AppTest" time="0.001"/>
  <system-out><![CDATA[]]></system-out>
  <system-err><![CDATA[]]></system-err>
</testsuite>
