<?xml version="1.0" encoding="UTF-8"?>
<testsuite name="gui.CritterGraphicsFactoryTest" tests="2" skipped="0" failures="0" errors="0" timestamp="2023-12-04T22:14:46" hostname="Ajinou-Abderrahman" time="0.598">
  <properties/>
  <testcase name="testMakeGraphicsForGhost()" classname="gui.CritterGraphicsFactoryTest" time="0.298"/>
  <testcase name="testMakeGraphicsForPacMan()" classname="gui.CritterGraphicsFactoryTest" time="0.299"/>
  <system-out><![CDATA[]]></system-out>
  <system-err><![CDATA[]]></system-err>
</testsuite>
