<?xml version="1.0" encoding="UTF-8"?>
<testsuite name="config.MazeConfigTest" tests="2" skipped="0" failures="0" errors="0" timestamp="2025-04-13T11:49:46" hostname="Nano" time="0.062">
  <properties/>
  <testcase name="testMazeDimensions()" classname="config.MazeConfigTest" time="0.041"/>
  <testcase name="testGridInitialization()" classname="config.MazeConfigTest" time="0.02"/>
  <system-out><![CDATA[]]></system-out>
  <system-err><![CDATA[]]></system-err>
</testsuite>
