<?xml version="1.0" encoding="UTF-8"?>
<testsuite name="geometry.IntCoordinatesTest" tests="2" skipped="0" failures="0" errors="0" timestamp="2023-12-04T22:14:42" hostname="Ajinou-Abderrahman" time="0.006">
  <properties/>
  <testcase name="testAccessors()" classname="geometry.IntCoordinatesTest" time="0.002"/>
  <testcase name="testToRealCoordinates()" classname="geometry.IntCoordinatesTest" time="0.002"/>
  <system-out><![CDATA[]]></system-out>
  <system-err><![CDATA[]]></system-err>
</testsuite>
