<?xml version="1.0" encoding="UTF-8"?>
<testsuite name="geometry.IntCoordinatesTest" tests="2" skipped="0" failures="0" errors="0" timestamp="2025-04-13T11:49:46" hostname="Nano" time="0.006">
  <properties/>
  <testcase name="testSetCoordinates()" classname="geometry.IntCoordinatesTest" time="0.001"/>
  <testcase name="testCoordinateInitialization()" classname="geometry.IntCoordinatesTest" time="0.002"/>
  <system-out><![CDATA[]]></system-out>
  <system-err><![CDATA[]]></system-err>
</testsuite>
