<?xml version="1.0" encoding="UTF-8"?>
<testsuite name="gameobjects.StaticObjectsTest" tests="1" skipped="0" failures="0" errors="0" timestamp="2023-12-04T15:34:58" hostname="Ajinou-Abderrahman" time="0.001">
  <properties/>
  <testcase name="testExistenceOfValues()" classname="gameobjects.StaticObjectsTest" time="0.001"/>
  <system-out><![CDATA[]]></system-out>
  <system-err><![CDATA[]]></system-err>
</testsuite>
