<?xml version="1.0" encoding="UTF-8"?>
<testsuite name="misc.DebugTest" tests="1" skipped="0" failures="0" errors="0" timestamp="2025-04-13T11:49:46" hostname="Nano" time="0.012">
  <properties/>
  <testcase name="testOut()" classname="misc.DebugTest" time="0.012"/>
  <system-out><![CDATA[]]></system-out>
  <system-err><![CDATA[]]></system-err>
</testsuite>
