<?xml version="1.0" encoding="UTF-8"?>
<testsuite name="gui.MenuTest" tests="1" skipped="0" failures="0" errors="0" timestamp="2025-04-12T13:02:27.613Z" hostname="Nano" time="0.0">
  <properties/>
  <testcase name="testButtonInteractions()" classname="gui.MenuTest" time="0.0"/>
  <system-out><![CDATA[]]></system-out>
  <system-err><![CDATA[]]></system-err>
</testsuite>
